<?xml version="1.0" encoding="UTF-8"?>
<!-- Generated by org.testng.reporters.JUnitXMLReporter -->
<testsuite hostname="ICPL12466" name="Regression suite" tests="3" failures="0" timestamp="15 Sep 2017 07:37:11 GMT" time="0.041" errors="0">
  <testcase name="testCaseOne" time="0.016" classname="Demo.Demo1"/>
  <testcase name="testCaseFour" time="0.0" classname="Demo.Demo1">
    <skipped/>
  </testcase> <!-- testCaseFour -->
  <testcase name="testCaseTwo" time="0.0" classname="Demo.Demo2"/>
</testsuite> <!-- Regression suite -->
