<?xml version="1.0" encoding="UTF-8"?>
<testng-results skipped="0" failed="0" total="3" passed="3">
  <reporter-output>
  </reporter-output>
  <suite name="example suite 1" duration-ms="37" started-at="2017-06-01T08:42:34Z" finished-at="2017-06-01T08:42:34Z">
    <groups>
      <group name="Smoke Test">
        <method signature="Demo1.testCaseThree()[pri:0, instance:Demo.Demo1@610694f1]" name="testCaseThree" class="Demo.Demo1"/>
      </group> <!-- Smoke Test -->
      <group name="Regression">
        <method signature="Demo1.testCaseFour()[pri:2, instance:Demo.Demo1@610694f1]" name="testCaseFour" class="Demo.Demo1"/>
        <method signature="Demo1.testCaseOne()[pri:1, instance:Demo.Demo1@610694f1]" name="testCaseOne" class="Demo.Demo1"/>
      </group> <!-- Regression -->
    </groups>
    <test name="Regression suite" duration-ms="37" started-at="2017-06-01T08:42:34Z" finished-at="2017-06-01T08:42:34Z">
      <class name="Demo.Demo1">
        <test-method status="PASS" signature="testCaseThree()[pri:0, instance:Demo.Demo1@610694f1]" name="testCaseThree" duration-ms="16" started-at="2017-06-01T14:12:34Z" finished-at="2017-06-01T14:12:34Z">
          <reporter-output>
          </reporter-output>
        </test-method> <!-- testCaseThree -->
        <test-method status="PASS" signature="testCaseOne()[pri:1, instance:Demo.Demo1@610694f1]" name="testCaseOne" duration-ms="1" started-at="2017-06-01T14:12:34Z" finished-at="2017-06-01T14:12:34Z">
          <reporter-output>
          </reporter-output>
        </test-method> <!-- testCaseOne -->
        <test-method status="PASS" signature="testCaseFour()[pri:2, instance:Demo.Demo1@610694f1]" name="testCaseFour" duration-ms="0" started-at="2017-06-01T14:12:34Z" finished-at="2017-06-01T14:12:34Z">
          <reporter-output>
          </reporter-output>
        </test-method> <!-- testCaseFour -->
      </class> <!-- Demo.Demo1 -->
    </test> <!-- Regression suite -->
  </suite> <!-- example suite 1 -->
</testng-results>
