<?xml version="1.0" encoding="UTF-8"?>
<testng-results skipped="1" failed="0" total="3" passed="2">
  <reporter-output>
  </reporter-output>
  <suite name="example suite 1" duration-ms="41" started-at="2017-09-15T07:37:11Z" finished-at="2017-09-15T07:37:11Z">
    <groups>
      <group name="Regression">
        <method signature="Demo1.testCaseFour(java.lang.String, java.lang.String)[pri:2, instance:Demo.Demo1@551aa95a]" name="testCaseFour" class="Demo.Demo1"/>
        <method signature="Demo1.testCaseOne()[pri:1, instance:Demo.Demo1@551aa95a]" name="testCaseOne" class="Demo.Demo1"/>
        <method signature="Demo2.testCaseTwo()[pri:0, instance:Demo.Demo2@6ebc05a6]" name="testCaseTwo" class="Demo.Demo2"/>
      </group> <!-- Regression -->
      <group name="functest">
        <method signature="Demo2.testCaseTwo()[pri:0, instance:Demo.Demo2@6ebc05a6]" name="testCaseTwo" class="Demo.Demo2"/>
      </group> <!-- functest -->
    </groups>
    <test name="Regression suite" duration-ms="41" started-at="2017-09-15T07:37:11Z" finished-at="2017-09-15T07:37:11Z">
      <class name="Demo.Demo1">
        <test-method status="PASS" signature="testCaseOne()[pri:1, instance:Demo.Demo1@551aa95a]" name="testCaseOne" duration-ms="16" started-at="2017-09-15T13:07:11Z" finished-at="2017-09-15T13:07:11Z">
          <reporter-output>
          </reporter-output>
        </test-method> <!-- testCaseOne -->
        <test-method status="SKIP" signature="testCaseFour(java.lang.String, java.lang.String)[pri:2, instance:Demo.Demo1@551aa95a]" name="testCaseFour" duration-ms="0" started-at="2017-09-15T13:07:11Z" finished-at="2017-09-15T13:07:11Z">
          <exception class="org.testng.TestNGException">
            <message>
              <![CDATA[
Method testCaseFour requires 2 parameters but 0 were supplied in the @Test annotation.]]>
            </message>
            <full-stacktrace>
              <![CDATA[org.testng.TestNGException: 
Method testCaseFour requires 2 parameters but 0 were supplied in the @Test annotation.
	at org.testng.internal.Parameters.checkParameterTypes(Parameters.java:191)
	at org.testng.internal.Parameters.createParameters(Parameters.java:127)
	at org.testng.internal.Parameters.createParameters(Parameters.java:376)
	at org.testng.internal.Parameters.handleParameters(Parameters.java:451)
	at org.testng.internal.Invoker.handleParameters(Invoker.java:1270)
	at org.testng.internal.Invoker.createParameters(Invoker.java:985)
	at org.testng.internal.Invoker.invokeTestMethods(Invoker.java:1075)
	at org.testng.internal.TestMethodWorker.invokeTestMethods(TestMethodWorker.java:125)
	at org.testng.internal.TestMethodWorker.run(TestMethodWorker.java:108)
	at org.testng.TestRunner.privateRun(TestRunner.java:774)
	at org.testng.TestRunner.run(TestRunner.java:624)
	at org.testng.SuiteRunner.runTest(SuiteRunner.java:359)
	at org.testng.SuiteRunner.runSequentially(SuiteRunner.java:354)
	at org.testng.SuiteRunner.privateRun(SuiteRunner.java:312)
	at org.testng.SuiteRunner.run(SuiteRunner.java:261)
	at org.testng.SuiteRunnerWorker.runSuite(SuiteRunnerWorker.java:52)
	at org.testng.SuiteRunnerWorker.run(SuiteRunnerWorker.java:86)
	at org.testng.TestNG.runSuitesSequentially(TestNG.java:1215)
	at org.testng.TestNG.runSuitesLocally(TestNG.java:1140)
	at org.testng.TestNG.run(TestNG.java:1048)
	at org.testng.remote.AbstractRemoteTestNG.run(AbstractRemoteTestNG.java:126)
	at org.testng.remote.RemoteTestNG.initAndRun(RemoteTestNG.java:152)
	at org.testng.remote.RemoteTestNG.main(RemoteTestNG.java:57)
]]>
            </full-stacktrace>
          </exception> <!-- org.testng.TestNGException -->
          <reporter-output>
          </reporter-output>
        </test-method> <!-- testCaseFour -->
      </class> <!-- Demo.Demo1 -->
      <class name="Demo.Demo2">
        <test-method status="PASS" signature="testCaseTwo()[pri:0, instance:Demo.Demo2@6ebc05a6]" name="testCaseTwo" duration-ms="0" started-at="2017-09-15T13:07:11Z" finished-at="2017-09-15T13:07:11Z">
          <reporter-output>
          </reporter-output>
        </test-method> <!-- testCaseTwo -->
      </class> <!-- Demo.Demo2 -->
    </test> <!-- Regression suite -->
  </suite> <!-- example suite 1 -->
</testng-results>
